[ INFO ] [ 2024-09-18 17:06:39,947 ] [ seed ] ( handle ) Init
[ INFO ] [ 2024-09-18 17:06:39,947 ] [ seed ] ( handle ) File selected
[ INFO ] [ 2024-09-18 17:06:39,947 ] [ seed ] ( clean_dataframe ) run
[ INFO ] [ 2024-09-18 17:06:39,947 ] [ seed ] ( clean_dataframe ) Reading Dataframe
[ INFO ] [ 2024-09-18 17:07:41,945 ] [ seed ] ( clean_dataframe ) Cleaning some values
[ INFO ] [ 2024-09-18 17:07:55,788 ] [ seed ] ( clean_dataframe ) Exporting
[ INFO ] [ 2024-09-18 17:08:29,811 ] [ seed ] ( add_departments ) run
[ INFO ] [ 2024-09-18 17:08:29,812 ] [ seed ] ( add_departments ) Adding the Departments
[ INFO ] [ 2024-09-18 17:08:29,914 ] [ seed ] ( handle ) Reading cleaned data
[ INFO ] [ 2024-09-18 17:08:45,097 ] [ seed ] ( fill ) run
[ INFO ] [ 2024-09-18 17:08:45,097 ] [ seed ] ( fill_municipalities ) run
[ INFO ] [ 2024-09-18 17:08:45,098 ] [ seed ] ( fill_highschools ) run
[ INFO ] [ 2024-09-18 17:09:17,388 ] [ seed ] ( parse_municipalities ) run
[ INFO ] [ 2024-09-18 17:09:17,388 ] [ seed ] ( parse_institutions ) run
[ INFO ] [ 2024-09-18 17:11:30,236 ] [ seed ] ( parse_municipalities ) finished
[ INFO ] [ 2024-09-18 17:12:06,700 ] [ seed ] ( parse_institutions ) finished
[ INFO ] [ 2024-09-18 17:12:06,704 ] [ seed ] ( parse_students ) run
[ INFO ] [ 2024-09-18 17:12:06,705 ] [ seed ] ( parse_students ) removing previous students
[ INFO ] [ 2024-09-18 17:12:06,706 ] [ seed ] ( parse_students ) creating objects
[ INFO ] [ 2024-09-18 17:12:06,793 ] [ seed ] ( parse_students ) creating threads
[ INFO ] [ 2024-09-18 17:27:24,528 ] [ seed ] ( parse_students ) finished
[ INFO ] [ 2024-09-18 17:27:25,911 ] [ seed ] ( handle ) Finished execution
[ INFO ] [ 2024-09-18 17:52:37,901 ] [ seed ] ( handle ) Init
[ INFO ] [ 2024-09-18 17:52:37,901 ] [ seed ] ( handle ) File selected
[ INFO ] [ 2024-09-18 17:52:37,901 ] [ seed ] ( clean_dataframe ) run
[ INFO ] [ 2024-09-18 17:52:37,901 ] [ seed ] ( clean_dataframe ) Reading Dataframe
[ INFO ] [ 2024-09-18 17:53:40,447 ] [ seed ] ( clean_dataframe ) Cleaning some values
[ INFO ] [ 2024-09-18 17:53:54,189 ] [ seed ] ( clean_dataframe ) Exporting
[ INFO ] [ 2024-09-18 17:54:28,490 ] [ seed ] ( add_departments ) run
[ INFO ] [ 2024-09-18 17:54:28,490 ] [ seed ] ( add_departments ) Adding the Departments
[ INFO ] [ 2024-09-18 17:54:28,591 ] [ seed ] ( handle ) Reading cleaned data
[ INFO ] [ 2024-09-18 17:54:44,740 ] [ seed ] ( fill ) run
[ INFO ] [ 2024-09-18 17:54:44,741 ] [ seed ] ( fill_municipalities ) run
[ INFO ] [ 2024-09-18 17:54:44,741 ] [ seed ] ( fill_highschools ) run
[ INFO ] [ 2024-09-18 17:55:17,360 ] [ seed ] ( parse_municipalities ) run
[ INFO ] [ 2024-09-18 17:55:17,361 ] [ seed ] ( parse_institutions ) run
[ INFO ] [ 2024-09-18 17:57:28,848 ] [ seed ] ( parse_municipalities ) finished
[ INFO ] [ 2024-09-18 17:58:07,735 ] [ seed ] ( parse_institutions ) finished
[ INFO ] [ 2024-09-18 17:58:07,738 ] [ seed ] ( parse_students ) run
[ INFO ] [ 2024-09-18 17:58:07,831 ] [ seed ] ( parse_students ) removing previous students
[ INFO ] [ 2024-09-18 17:58:07,831 ] [ seed ] ( parse_students ) creating objects
[ INFO ] [ 2024-09-18 17:58:07,908 ] [ seed ] ( parse_students ) creating threads
[ INFO ] [ 2024-09-18 17:58:07,908 ] [ seed ] ( parse_students ) running threads
[ INFO ] [ 2024-09-18 18:08:51,329 ] [ seed ] ( handle ) Init
[ INFO ] [ 2024-09-18 18:08:51,329 ] [ seed ] ( handle ) File selected
[ INFO ] [ 2024-09-18 18:08:51,329 ] [ seed ] ( clean_dataframe ) run
[ INFO ] [ 2024-09-18 18:08:51,329 ] [ seed ] ( clean_dataframe ) Reading Dataframe
[ INFO ] [ 2024-09-18 18:09:33,080 ] [ seed ] ( clean_dataframe ) Cleaning some values
[ INFO ] [ 2024-09-18 18:09:47,044 ] [ seed ] ( clean_dataframe ) Exporting
[ INFO ] [ 2024-09-18 18:10:24,009 ] [ seed ] ( add_departments ) run
[ INFO ] [ 2024-09-18 18:10:24,009 ] [ seed ] ( add_departments ) Adding the Departments
[ INFO ] [ 2024-09-18 18:10:24,048 ] [ seed ] ( handle ) Reading cleaned data
[ INFO ] [ 2024-09-18 18:16:02,020 ] [ seed ] ( handle ) Init
[ INFO ] [ 2024-09-18 18:16:02,020 ] [ seed ] ( handle ) File selected
[ INFO ] [ 2024-09-18 18:16:02,020 ] [ seed ] ( clean_dataframe ) run
[ INFO ] [ 2024-09-18 18:16:02,020 ] [ seed ] ( clean_dataframe ) Reading Dataframe
[ INFO ] [ 2024-09-18 18:16:42,621 ] [ seed ] ( clean_dataframe ) Cleaning some values
[ INFO ] [ 2024-09-18 18:16:56,706 ] [ seed ] ( clean_dataframe ) Exporting
[ INFO ] [ 2024-09-18 18:17:29,542 ] [ seed ] ( add_departments ) run
[ INFO ] [ 2024-09-18 18:17:29,542 ] [ seed ] ( add_departments ) Adding the Departments
[ INFO ] [ 2024-09-18 18:17:29,635 ] [ seed ] ( handle ) Reading cleaned data
[ INFO ] [ 2024-09-18 18:17:46,925 ] [ seed ] ( fill ) run
[ INFO ] [ 2024-09-18 18:17:46,925 ] [ seed ] ( fill_municipalities ) run
[ INFO ] [ 2024-09-18 18:17:46,947 ] [ seed ] ( fill_highschools ) run
[ INFO ] [ 2024-09-18 18:18:08,414 ] [ seed ] ( parse_municipalities ) run
[ INFO ] [ 2024-09-18 18:18:08,416 ] [ seed ] ( parse_institutions ) run
[ INFO ] [ 2024-09-18 18:20:05,522 ] [ seed ] ( parse_municipalities ) finished
[ INFO ] [ 2024-09-18 18:20:48,783 ] [ seed ] ( parse_institutions ) finished
[ INFO ] [ 2024-09-18 18:20:48,786 ] [ seed ] ( parse_students ) run
[ INFO ] [ 2024-09-18 18:20:48,786 ] [ seed ] ( parse_students ) adding periods
[ INFO ] [ 2024-09-18 18:20:48,877 ] [ seed ] ( parse_students ) removing previous students
[ INFO ] [ 2024-09-18 18:20:48,878 ] [ seed ] ( parse_students ) creating objects
[ INFO ] [ 2024-09-18 18:20:48,957 ] [ seed ] ( parse_students ) creating threads
[ INFO ] [ 2024-09-18 18:20:48,958 ] [ seed ] ( parse_students ) running threads
[ INFO ] [ 2024-09-18 18:22:25,173 ] [ seed ] ( handle ) Init
[ INFO ] [ 2024-09-18 18:22:25,173 ] [ seed ] ( handle ) File selected
[ INFO ] [ 2024-09-18 18:22:25,173 ] [ seed ] ( clean_dataframe ) run
[ INFO ] [ 2024-09-18 18:22:25,173 ] [ seed ] ( clean_dataframe ) Reading Dataframe
[ INFO ] [ 2024-09-18 18:23:04,200 ] [ seed ] ( clean_dataframe ) Cleaning some values
[ INFO ] [ 2024-09-18 18:23:18,743 ] [ seed ] ( clean_dataframe ) Exporting
[ INFO ] [ 2024-09-18 18:24:44,528 ] [ seed ] ( handle ) Init
[ INFO ] [ 2024-09-18 18:24:44,528 ] [ seed ] ( handle ) File selected
[ INFO ] [ 2024-09-18 18:24:44,528 ] [ seed ] ( clean_dataframe ) run
[ INFO ] [ 2024-09-18 18:24:44,528 ] [ seed ] ( clean_dataframe ) Reading Dataframe
[ INFO ] [ 2024-09-18 18:25:23,285 ] [ seed ] ( clean_dataframe ) Cleaning some values
[ INFO ] [ 2024-09-18 18:25:37,072 ] [ seed ] ( clean_dataframe ) Exporting
[ INFO ] [ 2024-09-18 18:26:10,604 ] [ seed ] ( handle ) Reading cleaned data
[ INFO ] [ 2024-09-18 18:29:30,086 ] [ seed ] ( handle ) Init
[ INFO ] [ 2024-09-18 18:29:30,086 ] [ seed ] ( handle ) File selected
[ INFO ] [ 2024-09-18 18:29:30,086 ] [ seed ] ( clean_dataframe ) run
[ INFO ] [ 2024-09-18 18:29:30,086 ] [ seed ] ( clean_dataframe ) Reading Dataframe
[ INFO ] [ 2024-09-18 18:30:08,197 ] [ seed ] ( clean_dataframe ) Cleaning some values
[ INFO ] [ 2024-09-18 18:30:22,095 ] [ seed ] ( clean_dataframe ) Exporting
[ INFO ] [ 2024-09-18 18:30:54,993 ] [ seed ] ( add_departments ) run
[ INFO ] [ 2024-09-18 18:30:54,993 ] [ seed ] ( add_departments ) Adding the Departments
[ INFO ] [ 2024-09-18 18:30:55,099 ] [ seed ] ( handle ) Reading cleaned data
[ INFO ] [ 2024-09-18 18:31:12,307 ] [ seed ] ( fill ) run
[ INFO ] [ 2024-09-18 18:31:12,307 ] [ seed ] ( fill_municipalities ) run
[ INFO ] [ 2024-09-18 18:31:12,329 ] [ seed ] ( fill_highschools ) run
[ INFO ] [ 2024-09-18 18:31:12,337 ] [ seed ] ( fill_periods ) run
[ INFO ] [ 2024-09-18 18:31:34,367 ] [ seed ] ( handle ) Finished execution
[ INFO ] [ 2024-09-18 18:32:45,269 ] [ seed ] ( handle ) Init
[ INFO ] [ 2024-09-18 18:32:45,269 ] [ seed ] ( handle ) File selected
[ INFO ] [ 2024-09-18 18:32:45,270 ] [ seed ] ( clean_dataframe ) run
[ INFO ] [ 2024-09-18 18:32:45,270 ] [ seed ] ( clean_dataframe ) Reading Dataframe
[ INFO ] [ 2024-09-18 18:33:22,888 ] [ seed ] ( clean_dataframe ) Cleaning some values
[ INFO ] [ 2024-09-18 18:33:37,018 ] [ seed ] ( clean_dataframe ) Exporting
[ INFO ] [ 2024-09-18 18:34:11,202 ] [ seed ] ( add_departments ) run
[ INFO ] [ 2024-09-18 18:34:11,202 ] [ seed ] ( add_departments ) Adding the Departments
[ INFO ] [ 2024-09-18 18:34:11,297 ] [ seed ] ( handle ) Reading cleaned data
[ INFO ] [ 2024-09-18 18:34:29,626 ] [ seed ] ( fill ) run
[ INFO ] [ 2024-09-18 18:34:29,626 ] [ seed ] ( fill_municipalities ) run
[ INFO ] [ 2024-09-18 18:34:29,647 ] [ seed ] ( fill_highschools ) run
[ INFO ] [ 2024-09-18 18:34:29,773 ] [ seed ] ( fill_periods ) run
[ INFO ] [ 2024-09-18 18:34:51,383 ] [ seed ] ( parse_municipalities ) run
[ INFO ] [ 2024-09-18 18:34:51,383 ] [ seed ] ( parse_institutions ) run
[ INFO ] [ 2024-09-18 18:36:47,204 ] [ seed ] ( parse_municipalities ) finished
[ INFO ] [ 2024-09-18 18:37:29,110 ] [ seed ] ( parse_institutions ) finished
[ INFO ] [ 2024-09-18 18:37:29,112 ] [ seed ] ( parse_students ) run
[ INFO ] [ 2024-09-18 18:37:29,112 ] [ seed ] ( parse_students ) removing previous students
[ INFO ] [ 2024-09-18 18:37:29,114 ] [ seed ] ( parse_students ) creating objects
[ INFO ] [ 2024-09-18 18:37:29,191 ] [ seed ] ( parse_students ) creating threads
[ INFO ] [ 2024-09-18 18:37:29,191 ] [ seed ] ( parse_students ) running threads
[ INFO ] [ 2024-09-18 18:46:41,023 ] [ seed ] ( parse_students ) finished
[ INFO ] [ 2024-09-18 18:46:42,042 ] [ seed ] ( handle ) Finished execution
[ INFO ] [ 2024-09-18 20:06:46,760 ] [ seed ] ( handle ) Init
[ INFO ] [ 2024-09-18 20:06:46,760 ] [ seed ] ( handle ) File selected
[ INFO ] [ 2024-09-18 20:06:46,760 ] [ seed ] ( clean_dataframe ) run
[ INFO ] [ 2024-09-18 20:06:46,760 ] [ seed ] ( clean_dataframe ) Reading Dataframe
[ INFO ] [ 2024-09-18 20:06:59,788 ] [ seed ] ( clean_dataframe ) Cleaning some values
[ INFO ] [ 2024-09-18 20:07:03,132 ] [ seed ] ( clean_dataframe ) Exporting
[ INFO ] [ 2024-09-18 20:07:11,381 ] [ seed ] ( add_departments ) run
[ INFO ] [ 2024-09-18 20:07:11,381 ] [ seed ] ( add_departments ) Adding the Departments
[ INFO ] [ 2024-09-18 20:07:11,416 ] [ seed ] ( handle ) Reading cleaned data
[ INFO ] [ 2024-09-18 20:07:15,428 ] [ seed ] ( fill ) run
[ INFO ] [ 2024-09-18 20:07:15,428 ] [ seed ] ( fill_municipalities ) run
[ INFO ] [ 2024-09-18 20:07:15,441 ] [ seed ] ( fill_colleges ) run
[ INFO ] [ 2024-09-18 20:07:15,455 ] [ seed ] ( fill_periods ) run
[ INFO ] [ 2024-09-18 20:07:16,263 ] [ seed ] ( parse_municipalities ) run
[ INFO ] [ 2024-09-18 20:07:16,265 ] [ seed ] ( parse_institutions ) run
[ INFO ] [ 2024-09-18 20:07:16,274 ] [ seed ] ( parse_municipalities ) finished
[ INFO ] [ 2024-09-18 20:07:33,919 ] [ seed ] ( parse_institutions ) finished
[ INFO ] [ 2024-09-18 20:07:33,920 ] [ seed ] ( parse_students ) run
[ INFO ] [ 2024-09-18 20:07:33,920 ] [ seed ] ( parse_students ) removing previous students
[ INFO ] [ 2024-09-18 20:07:33,921 ] [ seed ] ( parse_students ) creating objects
[ INFO ] [ 2024-09-18 20:07:33,926 ] [ seed ] ( parse_students ) creating threads
[ INFO ] [ 2024-09-18 20:07:33,926 ] [ seed ] ( parse_students ) running threads
[ INFO ] [ 2024-09-18 20:09:21,398 ] [ seed ] ( parse_students ) finished
[ INFO ] [ 2024-09-18 20:09:21,461 ] [ seed ] ( handle ) Finished execution
[ INFO ] [ 2024-09-19 19:36:20,473 ] [ create_json ] ( handle ) init 
[ INFO ] [ 2024-09-19 19:36:31,323 ] [ create_json ] ( handle ) init 
[ CRITICAL ] [ 2024-09-19 19:36:31,324 ] [ create_json ] ( handle ) :student_type param is [ Required ]
[ INFO ] [ 2024-09-19 19:56:30,898 ] [ create_json ] ( handle ) init 
[ INFO ] [ 2024-09-19 19:59:17,373 ] [ create_json ] ( handle ) init 
[ INFO ] [ 2024-09-19 19:59:17,374 ] [ create_json ] ( handle_places ) run
[ INFO ] [ 2024-09-19 19:59:17,374 ] [ create_json ] ( handle_places ) creating objects
[ INFO ] [ 2024-09-19 19:59:17,596 ] [ create_json ] ( handle_places ) iterating
[ INFO ] [ 2024-09-19 19:59:38,537 ] [ create_json ] ( handle_places ) exporting 
[ INFO ] [ 2024-09-19 19:59:38,550 ] [ create_json ] ( handle ) finish
[ INFO ] [ 2024-09-19 20:03:20,918 ] [ create_json ] ( handle ) init 
[ INFO ] [ 2024-09-19 20:03:20,918 ] [ create_json ] ( handle_places ) run
[ INFO ] [ 2024-09-19 20:03:20,918 ] [ create_json ] ( handle_places ) creating objects
[ INFO ] [ 2024-09-19 20:03:21,119 ] [ create_json ] ( handle_places ) iterating
[ INFO ] [ 2024-09-19 20:03:41,224 ] [ create_json ] ( handle_places ) exporting 
[ INFO ] [ 2024-09-19 20:03:41,235 ] [ create_json ] ( handle ) finish
[ INFO ] [ 2024-09-19 20:04:39,421 ] [ create_json ] ( handle ) init 
[ INFO ] [ 2024-09-19 20:04:39,421 ] [ create_json ] ( handle_places ) run
[ INFO ] [ 2024-09-19 20:04:39,421 ] [ create_json ] ( handle_places ) creating objects
[ INFO ] [ 2024-09-19 20:04:39,622 ] [ create_json ] ( handle_places ) iterating
[ INFO ] [ 2024-09-19 20:04:59,180 ] [ create_json ] ( handle_places ) exporting 
[ INFO ] [ 2024-09-19 20:04:59,191 ] [ create_json ] ( handle ) finish
[ INFO ] [ 2024-09-19 20:21:38,630 ] [ create_json ] ( handle ) init 
[ INFO ] [ 2024-09-19 20:21:38,630 ] [ create_json ] ( handle_places ) run
[ INFO ] [ 2024-09-19 20:21:38,631 ] [ create_json ] ( handle_places ) creating objects
[ INFO ] [ 2024-09-19 20:21:38,826 ] [ create_json ] ( handle_places ) iterating
[ INFO ] [ 2024-09-19 20:21:58,904 ] [ create_json ] ( handle_places ) exporting 
[ INFO ] [ 2024-09-19 20:21:58,935 ] [ create_json ] ( handle ) finish
[ INFO ] [ 2024-09-19 23:01:45,443 ] [ create_json ] ( handle ) init 
[ INFO ] [ 2024-09-19 23:01:45,444 ] [ create_json ] ( handle_places ) run
[ INFO ] [ 2024-09-19 23:01:45,444 ] [ create_json ] ( handle_places ) creating objects
[ INFO ] [ 2024-09-19 23:01:45,552 ] [ create_json ] ( handle_places ) iterating
[ INFO ] [ 2024-09-19 23:01:56,461 ] [ create_json ] ( handle_places ) exporting 
[ INFO ] [ 2024-09-19 23:01:56,489 ] [ create_json ] ( handle ) finished
[ INFO ] [ 2024-09-19 23:02:06,905 ] [ create_json ] ( handle ) init 
[ INFO ] [ 2024-09-19 23:02:06,905 ] [ create_json ] ( handle_students ) run
[ INFO ] [ 2024-09-19 23:02:06,905 ] [ create_json ] ( handle ) finished
[ INFO ] [ 2024-09-19 23:02:35,639 ] [ create_json ] ( handle ) init 
[ INFO ] [ 2024-09-19 23:02:35,639 ] [ create_json ] ( handle_students ) run
[ INFO ] [ 2024-09-19 23:02:35,639 ] [ create_json ] ( handle_students ) ( saber11 ) creating objects
[ INFO ] [ 2024-09-19 23:02:35,717 ] [ create_json ] ( handle_students ) ( saber11 ) iterating
[ INFO ] [ 2024-09-19 23:04:19,712 ] [ create_json ] ( handle_places ) exporting 
[ INFO ] [ 2024-09-19 23:04:43,817 ] [ create_json ] ( handle ) finished
[ INFO ] [ 2024-09-19 23:38:53,228 ] [ create_json ] ( handle ) init 
[ INFO ] [ 2024-09-19 23:38:53,228 ] [ create_json ] ( handle_students ) run
[ INFO ] [ 2024-09-19 23:38:53,228 ] [ create_json ] ( process_students ) run
[ INFO ] [ 2024-09-19 23:38:53,228 ] [ create_json ] ( process_students ) creating objects
[ INFO ] [ 2024-09-19 23:38:53,314 ] [ create_json ] ( process_students ) iterating 
[ INFO ] [ 2024-09-20 00:05:28,396 ] [ create_json ] ( handle ) init 
[ INFO ] [ 2024-09-20 00:05:28,396 ] [ create_json ] ( handle_students ) run
[ INFO ] [ 2024-09-20 00:05:28,396 ] [ create_json ] ( process_students ) run
[ INFO ] [ 2024-09-20 00:05:28,396 ] [ create_json ] ( process_students ) creating objects
[ INFO ] [ 2024-09-20 00:06:57,396 ] [ create_json ] ( process_students ) iterating 
[ INFO ] [ 2024-09-19 20:40:07,537 ] [ create_json ] ( handle ) init 
[ INFO ] [ 2024-09-19 20:40:07,538 ] [ create_json ] ( handle_students ) run
[ INFO ] [ 2024-09-19 20:40:07,538 ] [ create_json ] ( process_students ) run
[ INFO ] [ 2024-09-19 20:40:07,538 ] [ create_json ] ( process_students ) creating objects
[ INFO ] [ 2024-09-19 20:42:53,382 ] [ create_json ] ( handle ) init 
[ INFO ] [ 2024-09-19 20:42:53,383 ] [ create_json ] ( handle_students ) run
[ INFO ] [ 2024-09-19 20:42:53,383 ] [ create_json ] ( process_students ) run
[ INFO ] [ 2024-09-19 20:42:53,383 ] [ create_json ] ( process_students ) creating objects
[ INFO ] [ 2024-09-19 20:43:21,480 ] [ create_json ] ( handle ) init 
[ INFO ] [ 2024-09-19 20:43:21,480 ] [ create_json ] ( handle_students ) run
[ INFO ] [ 2024-09-19 20:43:21,480 ] [ create_json ] ( process_students ) run
[ INFO ] [ 2024-09-19 20:43:21,480 ] [ create_json ] ( process_students ) creating objects
[ INFO ] [ 2024-09-19 20:44:19,698 ] [ create_json ] ( handle ) init 
[ INFO ] [ 2024-09-19 20:44:19,698 ] [ create_json ] ( handle_students ) run
[ INFO ] [ 2024-09-19 20:44:19,698 ] [ create_json ] ( process_students ) run
[ INFO ] [ 2024-09-19 20:44:19,698 ] [ create_json ] ( process_students ) creating objects
[ INFO ] [ 2024-09-19 20:45:05,715 ] [ create_json ] ( handle ) init 
[ INFO ] [ 2024-09-19 20:45:05,715 ] [ create_json ] ( handle_students ) run
[ INFO ] [ 2024-09-19 20:45:05,715 ] [ create_json ] ( process_students ) run
[ INFO ] [ 2024-09-19 20:45:05,715 ] [ create_json ] ( process_students ) creating objects
[ INFO ] [ 2024-09-19 20:45:07,962 ] [ create_json ] ( handle ) finished
[ INFO ] [ 2024-09-19 20:51:08,788 ] [ create_json ] ( handle ) init 
[ INFO ] [ 2024-09-19 20:51:08,788 ] [ create_json ] ( handle_students ) run
[ INFO ] [ 2024-09-19 20:51:08,788 ] [ create_json ] ( process_students ) run
[ INFO ] [ 2024-09-19 20:51:08,788 ] [ create_json ] ( process_students ) creating objects
[ INFO ] [ 2024-09-19 20:57:20,994 ] [ create_json ] ( handle ) init 
[ INFO ] [ 2024-09-19 20:57:20,995 ] [ create_json ] ( handle_students ) run
[ INFO ] [ 2024-09-19 20:57:20,995 ] [ create_json ] ( process_students ) run
[ INFO ] [ 2024-09-19 20:57:20,995 ] [ create_json ] ( process_students ) creating objects
[ INFO ] [ 2024-09-19 20:57:23,052 ] [ create_json ] ( handle ) finished
[ INFO ] [ 2024-09-19 20:58:40,343 ] [ create_json ] ( handle ) init 
[ INFO ] [ 2024-09-19 20:58:40,343 ] [ create_json ] ( handle_students ) run
[ INFO ] [ 2024-09-19 20:58:40,343 ] [ create_json ] ( process_students ) run
[ INFO ] [ 2024-09-19 20:58:40,343 ] [ create_json ] ( process_students ) creating objects
[ INFO ] [ 2024-09-19 20:58:42,408 ] [ create_json ] ( handle ) finished
[ INFO ] [ 2024-09-19 20:59:24,124 ] [ create_json ] ( handle ) init 
[ INFO ] [ 2024-09-19 20:59:24,124 ] [ create_json ] ( handle_students ) run
[ INFO ] [ 2024-09-19 20:59:24,124 ] [ create_json ] ( process_students ) run
[ INFO ] [ 2024-09-19 20:59:24,124 ] [ create_json ] ( process_students ) creating objects
[ INFO ] [ 2024-09-19 20:59:26,189 ] [ create_json ] ( handle ) finished
[ INFO ] [ 2024-09-19 21:00:25,116 ] [ create_json ] ( handle ) init 
[ INFO ] [ 2024-09-19 21:00:25,117 ] [ create_json ] ( handle_students ) run
[ INFO ] [ 2024-09-19 21:00:25,117 ] [ create_json ] ( process_students ) run
[ INFO ] [ 2024-09-19 21:00:25,117 ] [ create_json ] ( process_students ) creating objects
[ INFO ] [ 2024-09-19 21:00:27,392 ] [ create_json ] ( handle ) finished
[ INFO ] [ 2024-09-19 21:06:32,978 ] [ create_json ] ( handle ) init 
[ INFO ] [ 2024-09-19 21:06:32,978 ] [ create_json ] ( handle_students ) run
[ INFO ] [ 2024-09-19 21:07:17,610 ] [ create_json ] ( handle ) init 
[ INFO ] [ 2024-09-19 21:07:17,611 ] [ create_json ] ( handle_students ) run
[ INFO ] [ 2024-09-19 21:10:49,591 ] [ create_json ] ( handle ) init 
[ INFO ] [ 2024-09-19 21:10:49,592 ] [ create_json ] ( handle_students ) run
[ INFO ] [ 2024-09-19 21:11:23,216 ] [ create_json ] ( handle ) init 
[ INFO ] [ 2024-09-19 21:11:23,216 ] [ create_json ] ( handle_students ) run
[ INFO ] [ 2024-09-19 21:11:23,964 ] [ create_json ] ( handle ) finished
[ INFO ] [ 2024-09-19 21:11:47,309 ] [ create_json ] ( handle ) init 
[ INFO ] [ 2024-09-19 21:11:47,309 ] [ create_json ] ( handle_students ) run
[ INFO ] [ 2024-09-19 21:11:48,051 ] [ create_json ] ( handle ) finished
[ INFO ] [ 2024-09-19 21:14:55,183 ] [ create_json ] ( handle ) init 
[ INFO ] [ 2024-09-19 21:16:51,719 ] [ create_json ] ( handle ) init 
[ INFO ] [ 2024-09-19 21:16:51,719 ] [ create_json ] ( handle_students ) run
[ INFO ] [ 2024-09-19 21:17:38,442 ] [ create_json ] ( handle ) init 
[ INFO ] [ 2024-09-19 21:17:38,443 ] [ create_json ] ( handle_students ) run
[ INFO ] [ 2024-09-19 21:18:08,489 ] [ create_json ] ( handle ) init 
[ INFO ] [ 2024-09-19 21:18:08,489 ] [ create_json ] ( handle_students ) run
[ INFO ] [ 2024-09-19 21:19:05,825 ] [ create_json ] ( handle ) init 
[ INFO ] [ 2024-09-19 21:19:05,825 ] [ create_json ] ( handle_students ) run
[ INFO ] [ 2024-09-19 21:20:35,408 ] [ create_json ] ( handle ) init 
[ INFO ] [ 2024-09-19 21:20:35,408 ] [ create_json ] ( handle_students ) run
[ INFO ] [ 2024-09-19 21:20:37,637 ] [ create_json ] ( handle ) finished
[ INFO ] [ 2024-09-19 21:21:03,540 ] [ seed ] ( handle ) Init
[ CRITICAL ] [ 2024-09-19 21:21:03,540 ] [ seed ] ( handle ) File not found
[ INFO ] [ 2024-09-19 21:23:40,268 ] [ seed ] ( handle ) Init
[ INFO ] [ 2024-09-19 21:23:40,268 ] [ seed ] ( handle ) File selected
[ INFO ] [ 2024-09-19 21:23:40,268 ] [ seed ] ( clean_dataframe ) run
[ INFO ] [ 2024-09-19 21:23:40,269 ] [ seed ] ( clean_dataframe ) Reading Dataframe
[ INFO ] [ 2024-09-19 21:23:49,772 ] [ seed ] ( clean_dataframe ) Cleaning some values
[ INFO ] [ 2024-09-19 21:23:52,647 ] [ seed ] ( clean_dataframe ) Exporting
[ INFO ] [ 2024-09-19 21:24:02,477 ] [ seed ] ( add_departments ) run
[ INFO ] [ 2024-09-19 21:24:02,477 ] [ seed ] ( add_departments ) Adding the Departments
[ INFO ] [ 2024-09-19 21:24:02,551 ] [ seed ] ( handle ) Reading cleaned data
[ INFO ] [ 2024-09-19 21:24:08,290 ] [ seed ] ( fill ) run
[ INFO ] [ 2024-09-19 21:24:08,291 ] [ seed ] ( fill_municipalities ) run
[ INFO ] [ 2024-09-19 21:24:08,304 ] [ seed ] ( fill_colleges ) run
[ INFO ] [ 2024-09-19 21:24:08,317 ] [ seed ] ( fill_periods ) run
[ INFO ] [ 2024-09-19 21:24:08,608 ] [ seed ] ( parse_municipalities ) run
[ INFO ] [ 2024-09-19 21:24:08,608 ] [ seed ] ( parse_institutions ) run
[ INFO ] [ 2024-09-19 21:24:08,642 ] [ seed ] ( parse_municipalities ) finished
[ INFO ] [ 2024-09-19 21:24:24,235 ] [ seed ] ( parse_institutions ) finished
[ INFO ] [ 2024-09-19 21:24:24,235 ] [ seed ] ( parse_students ) run
[ INFO ] [ 2024-09-19 21:24:24,235 ] [ seed ] ( parse_students ) removing previous students
[ INFO ] [ 2024-09-19 21:24:24,237 ] [ seed ] ( parse_students ) creating objects
[ INFO ] [ 2024-09-19 21:24:24,240 ] [ seed ] ( parse_students ) creating threads
[ INFO ] [ 2024-09-19 21:24:24,240 ] [ seed ] ( parse_students ) running threads
[ INFO ] [ 2024-09-19 21:25:34,769 ] [ seed ] ( parse_students ) finished
[ INFO ] [ 2024-09-19 21:25:34,791 ] [ seed ] ( handle ) Finished execution
[ INFO ] [ 2024-09-19 21:26:24,762 ] [ create_json ] ( handle ) init 
[ INFO ] [ 2024-09-19 21:26:24,762 ] [ create_json ] ( handle_students ) run
[ INFO ] [ 2024-09-19 21:26:34,139 ] [ create_json ] ( handle ) finished
[ INFO ] [ 2024-09-19 21:28:35,585 ] [ create_json ] ( handle ) init 
[ INFO ] [ 2024-09-19 21:28:35,585 ] [ create_json ] ( handle_students ) run
[ INFO ] [ 2024-09-19 21:28:45,559 ] [ create_json ] ( handle ) finished
[ INFO ] [ 2024-09-19 21:29:18,919 ] [ create_json ] ( handle ) init 
[ INFO ] [ 2024-09-19 21:29:18,919 ] [ create_json ] ( handle_students ) run
[ INFO ] [ 2024-09-19 21:29:28,737 ] [ create_json ] ( handle ) finished
[ INFO ] [ 2024-09-19 21:30:31,300 ] [ create_json ] ( handle ) init 
[ INFO ] [ 2024-09-19 21:30:31,301 ] [ create_json ] ( handle_students ) run
[ INFO ] [ 2024-09-19 21:30:41,884 ] [ create_json ] ( handle ) finished
[ INFO ] [ 2024-09-19 21:32:34,530 ] [ create_json ] ( handle ) init 
[ INFO ] [ 2024-09-19 21:32:34,531 ] [ create_json ] ( handle_students ) run
[ INFO ] [ 2024-09-19 21:32:44,654 ] [ create_json ] ( handle ) finished
[ INFO ] [ 2024-09-19 21:34:36,273 ] [ create_json ] ( handle ) init 
[ INFO ] [ 2024-09-19 21:34:36,273 ] [ create_json ] ( handle_students ) run
[ INFO ] [ 2024-09-19 21:34:45,775 ] [ create_json ] ( handle ) finished
[ INFO ] [ 2024-09-19 21:35:47,398 ] [ seed ] ( handle ) Init
[ INFO ] [ 2024-09-19 21:35:47,398 ] [ seed ] ( handle ) File selected
[ INFO ] [ 2024-09-19 21:35:47,399 ] [ seed ] ( clean_dataframe ) run
[ INFO ] [ 2024-09-19 21:35:47,399 ] [ seed ] ( clean_dataframe ) Reading Dataframe
[ INFO ] [ 2024-09-19 21:39:26,726 ] [ seed ] ( handle ) Init
[ INFO ] [ 2024-09-19 21:39:26,726 ] [ seed ] ( handle ) File selected
[ INFO ] [ 2024-09-19 21:39:26,726 ] [ seed ] ( clean_dataframe ) run
[ INFO ] [ 2024-09-19 21:39:26,726 ] [ seed ] ( clean_dataframe ) Reading Dataframe
[ INFO ] [ 2024-09-19 21:40:45,505 ] [ seed ] ( handle ) Init
[ INFO ] [ 2024-09-19 21:40:45,505 ] [ seed ] ( handle ) File selected
[ INFO ] [ 2024-09-19 21:40:45,507 ] [ seed ] ( clean_dataframe ) run
[ INFO ] [ 2024-09-19 21:40:45,507 ] [ seed ] ( clean_dataframe ) Reading Dataframe
[ INFO ] [ 2024-09-19 21:41:33,433 ] [ seed ] ( clean_dataframe ) Cleaning some values
[ INFO ] [ 2024-09-19 21:41:49,663 ] [ seed ] ( clean_dataframe ) Exporting
[ INFO ] [ 2024-09-19 21:42:32,793 ] [ seed ] ( add_departments ) run
[ INFO ] [ 2024-09-19 21:42:32,793 ] [ seed ] ( add_departments ) Adding the Departments
[ INFO ] [ 2024-09-19 21:42:32,877 ] [ seed ] ( handle ) Reading cleaned data
[ INFO ] [ 2024-09-19 21:42:54,793 ] [ seed ] ( fill ) run
[ INFO ] [ 2024-09-19 21:42:54,793 ] [ seed ] ( fill_municipalities ) run
[ INFO ] [ 2024-09-19 21:42:54,818 ] [ seed ] ( fill_highschools ) run
[ INFO ] [ 2024-09-19 21:42:54,855 ] [ seed ] ( fill_periods ) run
[ INFO ] [ 2024-09-19 21:43:00,615 ] [ seed ] ( parse_municipalities ) run
[ INFO ] [ 2024-09-19 21:43:00,615 ] [ seed ] ( parse_institutions ) run
[ INFO ] [ 2024-09-19 21:43:00,646 ] [ seed ] ( parse_municipalities ) finished
[ INFO ] [ 2024-09-19 21:43:00,647 ] [ seed ] ( parse_institutions ) finished
[ INFO ] [ 2024-09-19 21:43:00,647 ] [ seed ] ( parse_students ) run
[ INFO ] [ 2024-09-19 21:43:00,647 ] [ seed ] ( parse_students ) removing previous students
[ INFO ] [ 2024-09-19 21:43:00,650 ] [ seed ] ( parse_students ) creating objects
[ INFO ] [ 2024-09-19 21:43:00,681 ] [ seed ] ( parse_students ) creating threads
[ INFO ] [ 2024-09-19 21:43:00,681 ] [ seed ] ( parse_students ) running threads
[ INFO ] [ 2024-09-19 21:49:22,883 ] [ seed ] ( parse_students ) finished
[ INFO ] [ 2024-09-19 21:49:22,962 ] [ seed ] ( handle ) Finished execution
[ INFO ] [ 2024-09-19 21:49:49,374 ] [ create_json ] ( handle ) init 
[ INFO ] [ 2024-09-19 21:49:49,374 ] [ create_json ] ( handle_periods ) run
[ INFO ] [ 2024-09-19 21:49:49,375 ] [ create_json ] ( handle_periods ) creating objects 
[ INFO ] [ 2024-09-19 21:49:49,415 ] [ create_json ] ( handle_periods ) exporting
[ INFO ] [ 2024-09-19 21:49:49,415 ] [ create_json ] ( handle ) finished
[ INFO ] [ 2024-09-19 21:49:56,150 ] [ create_json ] ( handle ) init 
[ INFO ] [ 2024-09-19 21:49:56,151 ] [ create_json ] ( handle_places ) run
[ INFO ] [ 2024-09-19 21:49:56,151 ] [ create_json ] ( handle_places ) creating objects
[ INFO ] [ 2024-09-19 21:49:56,230 ] [ create_json ] ( handle_places ) iterating
[ INFO ] [ 2024-09-19 21:50:07,101 ] [ create_json ] ( handle_places ) exporting 
[ INFO ] [ 2024-09-19 21:50:07,133 ] [ create_json ] ( handle ) finished
[ INFO ] [ 2024-09-19 21:50:20,219 ] [ create_json ] ( handle ) init 
[ INFO ] [ 2024-09-19 21:50:20,219 ] [ create_json ] ( handle_students ) run
[ INFO ] [ 2024-09-19 21:51:16,987 ] [ create_json ] ( handle ) finished
