[ INFO ] [ 2024-09-16 21:32:50,589 ] [ seed_db ] Started cleaning the DataFrame
[ INFO ] [ 2024-09-16 21:32:50,589 ] [ seed_db ] Reading ...
[ INFO ] [ 2024-09-16 21:33:44,121 ] [ seed_db ] Finished reading the DataFrame
[ INFO ] [ 2024-09-16 21:34:02,233 ] [ seed_db ] Exporting ...
[ INFO ] [ 2024-09-16 21:34:41,206 ] [ seed_db ] DataFrame cleaned and stored as '73fa2879-8581-4091-bbeb-620dcb96bc86.csv'
[ INFO ] [ 2024-09-16 21:34:41,206 ] [ seed_db ] Started Parsing ...
[ INFO ] [ 2024-09-16 22:03:43,826 ] [ seed_db ] Started cleaning the DataFrame
[ INFO ] [ 2024-09-16 22:03:43,826 ] [ seed_db ] Reading ...
[ INFO ] [ 2024-09-16 22:04:30,651 ] [ seed_db ] Finished reading the DataFrame
[ INFO ] [ 2024-09-16 22:04:30,652 ] [ seed_db ] Doing some more cleaning/replacing values
[ INFO ] [ 2024-09-16 22:04:43,918 ] [ seed_db ] Exporting ...
[ INFO ] [ 2024-09-16 22:05:25,590 ] [ seed_db ] Adding the Departments ...
[ INFO ] [ 2024-09-16 22:05:25,666 ] [ seed_db ] Finished adding the Departments
[ INFO ] [ 2024-09-16 22:05:25,666 ] [ seed_db ] DataFrame cleaned and stored as 'd0eb6548-2b7e-45cc-81e2-2345053d80cc.csv'
[ INFO ] [ 2024-09-16 22:05:25,666 ] [ seed_db ] Started Parsing ...
[ INFO ] [ 2024-09-16 22:06:54,532 ] [ seed_db ] Started cleaning the DataFrame
[ INFO ] [ 2024-09-16 22:06:54,533 ] [ seed_db ] Reading ...
[ INFO ] [ 2024-09-16 22:07:42,014 ] [ seed_db ] Finished reading the DataFrame
[ INFO ] [ 2024-09-16 22:07:42,015 ] [ seed_db ] Doing some more cleaning/replacing values
[ INFO ] [ 2024-09-16 22:07:55,997 ] [ seed_db ] Exporting ...
[ INFO ] [ 2024-09-16 22:08:36,079 ] [ seed_db ] Adding the Departments ...
[ INFO ] [ 2024-09-16 22:08:37,251 ] [ seed_db ] Finished adding the Departments
[ INFO ] [ 2024-09-16 22:08:37,251 ] [ seed_db ] DataFrame cleaned and stored as 'f98e8021-520a-4eb5-997c-841a5b9a1b9e.csv'
[ INFO ] [ 2024-09-16 22:08:37,251 ] [ seed_db ] Started Parsing ...
[ INFO ] [ 2024-09-16 22:12:18,416 ] [ seed_db ] Started cleaning the DataFrame
[ INFO ] [ 2024-09-16 22:12:18,416 ] [ seed_db ] Reading ...
[ INFO ] [ 2024-09-16 22:13:05,664 ] [ seed_db ] Finished reading the DataFrame
[ INFO ] [ 2024-09-16 22:13:05,664 ] [ seed_db ] Doing some more cleaning/replacing values
[ INFO ] [ 2024-09-16 22:13:18,386 ] [ seed_db ] Exporting ...
[ INFO ] [ 2024-09-16 22:14:02,141 ] [ seed_db ] Adding the Departments ...
[ INFO ] [ 2024-09-16 22:14:02,208 ] [ seed_db ] Finished adding the Departments
[ INFO ] [ 2024-09-16 22:14:02,208 ] [ seed_db ] DataFrame cleaned and stored as 'e9b70b90-9caa-4489-a689-e2a944e5c43a.csv'
[ INFO ] [ 2024-09-16 22:14:02,208 ] [ seed_db ] Started Parsing ...
[ INFO ] [ 2024-09-16 22:15:10,507 ] [ seed_db ] Started cleaning the DataFrame
[ INFO ] [ 2024-09-16 22:15:10,507 ] [ seed_db ] Reading ...
[ INFO ] [ 2024-09-16 22:15:58,691 ] [ seed_db ] Finished reading the DataFrame
[ INFO ] [ 2024-09-16 22:15:58,692 ] [ seed_db ] Doing some more cleaning/replacing values
[ INFO ] [ 2024-09-16 22:16:12,625 ] [ seed_db ] Exporting ...
[ INFO ] [ 2024-09-16 22:16:55,594 ] [ seed_db ] Adding the Departments ...
[ INFO ] [ 2024-09-16 22:16:55,666 ] [ seed_db ] Finished adding the Departments
[ INFO ] [ 2024-09-16 22:16:55,666 ] [ seed_db ] DataFrame cleaned and stored as 'a8c0e0c3-f167-4a29-a2f9-f56e8cb18521.csv'
[ INFO ] [ 2024-09-16 22:16:55,666 ] [ seed_db ] Started Parsing ...
[ INFO ] [ 2024-09-16 22:47:08,979 ] [ seed_db ] Started cleaning the DataFrame
[ INFO ] [ 2024-09-16 22:47:08,980 ] [ seed_db ] Reading ...
[ INFO ] [ 2024-09-16 22:48:59,267 ] [ seed_db ] Started cleaning the DataFrame
[ INFO ] [ 2024-09-16 22:48:59,267 ] [ seed_db ] Reading ...
[ INFO ] [ 2024-09-16 22:49:49,954 ] [ seed_db ] Finished reading the DataFrame
[ INFO ] [ 2024-09-16 22:49:49,958 ] [ seed_db ] Doing some more cleaning/replacing values
[ INFO ] [ 2024-09-16 22:50:08,713 ] [ seed_db ] Exporting ...
[ INFO ] [ 2024-09-16 22:50:46,723 ] [ seed_db ] Adding the Departments ...
[ INFO ] [ 2024-09-16 22:50:46,797 ] [ seed_db ] Finished adding the Departments
[ INFO ] [ 2024-09-16 22:50:46,797 ] [ seed_db ] DataFrame cleaned and stored as 'd6aad25f-3ca9-4add-974b-6b955734c964.csv'
[ INFO ] [ 2024-09-16 22:50:46,797 ] [ seed_db ] Started Parsing ...
